<?xml version="1.0" encoding="UTF-8"?>
<!-- Generated by org.testng.reporters.JUnitReportReporter -->
<testsuite hostname="LAPTOP-QESHLQ6F" failures="0" tests="1" name="qamavenproj.EndToEndProject.RegisterPatient_MD_P" time="17.540" errors="0" timestamp="2023-12-13T11:10:06 CST" skipped="0">
  <testcase classname="qamavenproj.EndToEndProject.RegisterPatient_MD_P" name="validateRegisterPatient" time="17.540"/>
  <system-out/>
</testsuite> <!-- qamavenproj.EndToEndProject.RegisterPatient_MD_P -->
