<?xml version="1.0" encoding="UTF-8"?>
<!-- Generated by org.testng.reporters.JUnitReportReporter -->
<testsuite hostname="LAPTOP-QESHLQ6F" failures="0" tests="3" name="qamavenproj.EndToEndProject.DataProviderClass" time="0.008" errors="0" timestamp="2023-12-12T22:27:00 CST" skipped="0">
  <testcase classname="qamavenproj.EndToEndProject.DataProviderClass" name="testCaseData" time="0.002"/>
  <system-out/>
  <testcase classname="qamavenproj.EndToEndProject.DataProviderClass" name="testCaseData" time="0.005"/>
  <system-out/>
  <testcase classname="qamavenproj.EndToEndProject.DataProviderClass" name="testCaseData" time="0.001"/>
  <system-out/>
</testsuite> <!-- qamavenproj.EndToEndProject.DataProviderClass -->
