<?xml version="1.0" encoding="UTF-8"?>
<!-- Generated by org.testng.reporters.JUnitReportReporter -->
<testsuite hostname="LAPTOP-QESHLQ6F" failures="0" tests="1" name="qamavenproj.EndToEndProject.TestClass" time="5.092" errors="0" timestamp="2023-12-08T11:30:30 CST" skipped="0">
  <testcase classname="qamavenproj.EndToEndProject.TestClass" name="loginPage" time="5.092"/>
  <system-out/>
</testsuite> <!-- qamavenproj.EndToEndProject.TestClass -->
