<?xml version="1.0" encoding="UTF-8"?>
<!-- Generated by org.testng.reporters.JUnitReportReporter -->
<testsuite hostname="LAPTOP-QESHLQ6F" failures="0" tests="2" name="qamavenproj.EndToEndProject.ViewInformationPage" time="17.551" errors="0" timestamp="2023-12-12T22:28:27 CST" skipped="0">
  <testcase classname="qamavenproj.EndToEndProject.ViewInformationPage" name="validateInformationPage" time="16.893"/>
  <system-out/>
  <testcase classname="qamavenproj.EndToEndProject.ViewInformationPage" name="validateSymptoms" time="0.658"/>
  <system-out/>
</testsuite> <!-- qamavenproj.EndToEndProject.ViewInformationPage -->
